2025-06-05 13:42:54.014  INFO 1988 --- [main] com.example.Application                  : Starting Application on DESKTOP-I222AFG with PID 1988 (started by CYH in D:\WPS文档\毕业设计\基于SSM的鲜花销售系统\基于SSM的鲜花销售系统的设计与实现\鲜花商城)
2025-06-05 13:42:54.019  INFO 1988 --- [main] com.example.Application                  : No active profile set, falling back to default profiles: default
2025-06-05 13:42:55.127  WARN 1988 --- [main] o.m.s.mapper.ClassPathMapperScanner      : No MyBatis mapper was found in '[com.example]' package. Please check your configuration.
2025-06-05 13:42:55.619  INFO 1988 --- [main] o.s.b.w.embedded.tomcat.TomcatWebServer  : Tomcat initialized with port(s): 9090 (http)
2025-06-05 13:42:55.636  INFO 1988 --- [main] o.apache.catalina.core.StandardService   : Starting service [Tomcat]
2025-06-05 13:42:55.636  INFO 1988 --- [main] org.apache.catalina.core.StandardEngine  : Starting Servlet Engine: Apache Tomcat/9.0.12
2025-06-05 13:42:55.644  INFO 1988 --- [main] o.a.catalina.core.AprLifecycleListener   : The APR based Apache Tomcat Native library which allows optimal performance in production environments was not found on the java.library.path: [D:\Java\jdk-17_windows-x64_bin\jdk-17.0.10\bin;C:\Windows\Sun\Java\bin;C:\Windows\system32;C:\Windows;D:\VM\bin\;C:\Windows\system32;C:\Windows;C:\Windows\System32\Wbem;C:\Windows\System32\WindowsPowerShell\v1.0\;C:\Windows\System32\OpenSSH\;C:\Program Files (x86)\NVIDIA Corporation\PhysX\Common;C:\Program Files (x86)\Microsoft SQL Server\90\Tools\binn\;C:\Program Files\dotnet\;C:\Program Files (x86)\dotnet\;D:\Java\jdk-17_windows-x64_bin\jdk-17.0.10\bin;D:\Java\mysql8.0\mysql-8.0.14-winx64\bin;E:\matlab\runtime\win64;E:\matlab\bin;C:\Program Files (x86)\Microsoft SQL Server\100\Tools\Binn\;C:\Program Files\Microsoft SQL Server\100\Tools\Binn\;C:\Program Files\Microsoft SQL Server\100\DTS\Binn\;C:\hadoop\hadoop-3.3.6\hadoop-3.3.6\bin;C:\hadoop\hadoop-3.3.6\hadoop-3.3.6\sbin;C:\Users\DELL\AppData\Local\Android\Sdk\platform-tools;D:\Develop\Nodejs\;D:\Develop\apache-maven-3.9.9\bin;D:\Develop\apache-tomcat-11.0.5\bin;C:\Program Files\NVIDIA Corporation\NVIDIA App\NvDLISR;D:\Python\python\Scripts\;D:\Python\python\;D:\Program Files (x86)\python\python3.8\Scripts\;D:\Program Files (x86)\python\python3.8\;C:\Users\DELL\AppData\Local\Microsoft\WindowsApps;C:\Program Files\Bandizip\;D:\Python\pythoncommnuity\PyCharm Community Edition 2022.3.3\bin;;C:\vscode\Microsoft VS Code\bin;C:\Program Files\Google\Chrome\Application;C:\Users\DELL\AppData\Roaming\npm;.]
2025-06-05 13:42:55.729  INFO 1988 --- [main] o.a.c.c.C.[Tomcat].[localhost].[/]       : Initializing Spring embedded WebApplicationContext
2025-06-05 13:42:55.729  INFO 1988 --- [main] o.s.web.context.ContextLoader            : Root WebApplicationContext: initialization completed in 1674 ms
2025-06-05 13:42:55.747  INFO 1988 --- [main] o.s.b.w.servlet.ServletRegistrationBean  : Servlet dispatcherServlet mapped to [/]
2025-06-05 13:42:55.751  INFO 1988 --- [main] o.s.b.w.servlet.FilterRegistrationBean   : Mapping filter: 'characterEncodingFilter' to: [/*]
2025-06-05 13:42:55.751  INFO 1988 --- [main] o.s.b.w.servlet.FilterRegistrationBean   : Mapping filter: 'hiddenHttpMethodFilter' to: [/*]
2025-06-05 13:42:55.751  INFO 1988 --- [main] o.s.b.w.servlet.FilterRegistrationBean   : Mapping filter: 'formContentFilter' to: [/*]
2025-06-05 13:42:55.751  INFO 1988 --- [main] o.s.b.w.servlet.FilterRegistrationBean   : Mapping filter: 'requestContextFilter' to: [/*]
2025-06-05 13:42:56.735  INFO 1988 --- [main] o.s.s.concurrent.ThreadPoolTaskExecutor  : Initializing ExecutorService 'applicationTaskExecutor'
2025-06-05 13:42:56.992  INFO 1988 --- [main] o.s.b.w.embedded.tomcat.TomcatWebServer  : Tomcat started on port(s): 9090 (http) with context path ''
2025-06-05 13:42:56.995  INFO 1988 --- [main] com.example.Application                  : Started Application in 3.365 seconds (JVM running for 4.177)
2025-06-05 13:43:04.609  INFO 1988 --- [http-nio-9090-exec-1] o.a.c.c.C.[Tomcat].[localhost].[/]       : Initializing Spring DispatcherServlet 'dispatcherServlet'
2025-06-05 13:43:04.609  INFO 1988 --- [http-nio-9090-exec-1] o.s.web.servlet.DispatcherServlet        : Initializing Servlet 'dispatcherServlet'
2025-06-05 13:43:04.615  INFO 1988 --- [http-nio-9090-exec-1] o.s.web.servlet.DispatcherServlet        : Completed initialization in 5 ms
2025-06-05 13:43:04.897  INFO 1988 --- [http-nio-9090-exec-9] com.zaxxer.hikari.HikariDataSource       : HikariPool-1 - Starting...
2025-06-05 13:43:05.112  INFO 1988 --- [http-nio-9090-exec-9] com.zaxxer.hikari.HikariDataSource       : HikariPool-1 - Start completed.
2025-06-05 13:59:35.328  INFO 1988 --- [Thread-2] o.s.s.concurrent.ThreadPoolTaskExecutor  : Shutting down ExecutorService 'applicationTaskExecutor'
2025-06-05 13:59:35.329  INFO 1988 --- [Thread-2] com.zaxxer.hikari.HikariDataSource       : HikariPool-1 - Shutdown initiated...
2025-06-05 13:59:35.337  INFO 1988 --- [Thread-2] com.zaxxer.hikari.HikariDataSource       : HikariPool-1 - Shutdown completed.
